This file contains any messages produced by compilers while
running configure, to aid debugging if configure makes a mistake.

It was created by [IFTransform] configure [1.00], which was
generated by GNU Autoconf 2.57.  Invocation command line was

  $ ./configure 

## --------- ##
## Platform. ##
## --------- ##

hostname = jing
uname -m = i686
uname -r = 2.4.20-37.9.legacy
uname -s = Linux
uname -v = #1 Mon Sep 27 18:16:43 EDT 2004

/usr/bin/uname -p = unknown
/bin/uname -X     = unknown

/bin/arch              = i686
/usr/bin/arch -k       = unknown
/usr/convex/getsysinfo = unknown
hostinfo               = unknown
/bin/machine           = unknown
/usr/bin/oslevel       = unknown
/bin/universe          = unknown

PATH: /home/snir/jingyu/tools/firefox
PATH: /home/snir/jingyu/local/bin
PATH: /home/snir/jingyu/resources/llvm/cfrontend/x86/llvm-gcc/bin
PATH: /home/snir/jingyu/local/llvm/bin
PATH: /usr/dcs/software/applications/matlab/r14_sp1/bin
PATH: /opt/intel/bin
PATH: /usr/local/bin
PATH: /usr/bin
PATH: /bin
PATH: /usr/X11R6/bin
PATH: /usr/dcs/software/supported/bin
PATH: /home/snir/jingyu/courses/cs526/javacc-3.2/bin
PATH: /home/snir/jingyu/tools/eclipse
PATH: /home/snir/jingyu/courses/ece511/project/brook/bin
PATH: /home/snir/jingyu/resources/simulator/esesc/esesc/sescutils/bin
PATH: /home/snir/jingyu/tools/vnc-4_1_1-x86_linux
PATH: /opt/intel/vtune/bin


## ----------- ##
## Core tests. ##
## ----------- ##

configure:1414: creating ./config.status

## ---------------------- ##
## Running config.status. ##
## ---------------------- ##

This file was extended by [IFTransform] config.status [1.00], which was
generated by GNU Autoconf 2.57.  Invocation command line was

  CONFIG_FILES    = 
  CONFIG_HEADERS  = 
  CONFIG_LINKS    = 
  CONFIG_COMMANDS = 
  $ ./config.status 

on jing

config.status:608: creating Makefile.common
config.status:732: executing setup commands
config.status:732: executing Makefile commands
config.status:732: executing lib/Makefile commands
config.status:732: executing lib//FullIFDuplica/Makefile commands
config.status:732: executing lib/ParIFDuplica/Makefile commands

## ---------------- ##
## Cache variables. ##
## ---------------- ##

ac_cv_env_build_alias_set=
ac_cv_env_build_alias_value=
ac_cv_env_host_alias_set=
ac_cv_env_host_alias_value=
ac_cv_env_target_alias_set=
ac_cv_env_target_alias_value=

## ----------------- ##
## Output variables. ##
## ----------------- ##

DEFS='-DPACKAGE_NAME=\"\[IFTransform\]\" -DPACKAGE_TARNAME=\"--iftransform--\" -DPACKAGE_VERSION=\"\[1.00\]\" -DPACKAGE_STRING=\"\[IFTransform\]\ \[1.00\]\" -DPACKAGE_BUGREPORT=\"bugs@yourdomain\" '
ECHO_C=''
ECHO_N='-n'
ECHO_T=''
LIBOBJS=''
LIBS=''
LLVM_OBJ='/home/snir/jingyu/resources/llvm/build2'
LLVM_SRC='/home/snir/jingyu/resources/llvm/llvm2/llvm'
LTLIBOBJS=''
PACKAGE_BUGREPORT='bugs@yourdomain'
PACKAGE_NAME='[IFTransform]'
PACKAGE_STRING='[IFTransform] [1.00]'
PACKAGE_TARNAME='--iftransform--'
PACKAGE_VERSION='[1.00]'
PATH_SEPARATOR=':'
SHELL='/bin/sh'
bindir='${exec_prefix}/bin'
build_alias=''
datadir='${prefix}/share'
exec_prefix='${prefix}'
host_alias=''
includedir='${prefix}/include'
infodir='${prefix}/info'
libdir='${exec_prefix}/lib'
libexecdir='${exec_prefix}/libexec'
localstatedir='${prefix}/var'
mandir='${prefix}/man'
oldincludedir='/usr/include'
prefix='/usr/local'
program_transform_name='s,x,x,'
sbindir='${exec_prefix}/sbin'
sharedstatedir='${prefix}/com'
sysconfdir='${prefix}/etc'
target_alias=''

## ----------- ##
## confdefs.h. ##
## ----------- ##

#define PACKAGE_BUGREPORT "bugs@yourdomain"
#define PACKAGE_NAME "[IFTransform]"
#define PACKAGE_STRING "[IFTransform] [1.00]"
#define PACKAGE_TARNAME "--iftransform--"
#define PACKAGE_VERSION "[1.00]"

configure: exit 0
